<?xml version="1.0" encoding="UTF-8"?>
<!-- Generated by org.testng.reporters.JUnitReportReporter -->
<testsuite hostname="DESKTOP-VREMNUN" failures="0" tests="1" name="Web.Cs" time="0.009" errors="0" timestamp="2024-06-11T08:12:09 IST" skipped="0">
  <testcase classname="Web.Cs" name="testmethod" time="0.009"/>
  <system-out>
    <![CDATA[welcom testing]]>
  </system-out>
</testsuite> <!-- Web.Cs -->
