<?xml version="1.0" encoding="UTF-8"?>
<!-- Generated by org.testng.reporters.JUnitReportReporter -->
<testsuite hostname="DESKTOP-VREMNUN" failures="0" tests="1" name="Web.Testmethodclass" time="22.816" errors="0" timestamp="2024-06-12T22:36:49 IST" skipped="0">
  <testcase classname="Web.Testmethodclass" name="testlogin" time="22.816"/>
  <system-out/>
</testsuite> <!-- Web.Testmethodclass -->
