<?xml version="1.0" encoding="UTF-8"?>
<!-- Generated by org.testng.reporters.JUnitReportReporter -->
<testsuite hostname="DESKTOP-VREMNUN" failures="0" tests="1" name="Web.Orangehrm" time="18.281" errors="0" timestamp="2024-06-12T18:19:22 IST" skipped="0">
  <testcase classname="Web.Orangehrm" name="loginaplication" time="18.281"/>
  <system-out/>
</testsuite> <!-- Web.Orangehrm -->
